============================= test session starts ==============================
platform darwin -- Python 3.13.7, pytest-8.4.2, pluggy-1.6.0 -- /Users/tglenn/src/govee-ultimate/.venv/bin/python
cachedir: .pytest_cache
rootdir: /Users/tglenn/src/govee-ultimate
plugins: respx-0.22.0, pytest_freezer-0.4.9, unordered-0.7.0, asyncio-1.2.0, anyio-4.11.0, syrupy-4.9.1, sugar-1.0.0, socket-0.7.0, xdist-3.8.0, timeout-2.4.0, homeassistant-custom-component-0.13.289, github-actions-annotate-failures-0.3.0, aiohttp-1.1.0, picked-0.5.1, requests-mock-1.12.1, cov-7.0.0
asyncio: mode=Mode.STRICT, debug=False, asyncio_default_fixture_loop_scope=None, asyncio_default_test_loop_scope=function
collecting ... collected 7 items

tests/test_auth_manager.py::test_auth_manager_login_fetches_iot_bundle PASSED
tests/test_auth_manager.py::test_auth_manager_refreshes_tokens_updates_iot_bundle PASSED
tests/test_auth_manager.py::test_auth_manager_login_failure PASSED
tests/test_auth_manager.py::test_auth_manager_refresh_failure_clears_state PASSED
tests/test_auth_manager.py::test_auth_manager_migrates_legacy_storage PASSED
tests/test_auth_manager.py::test_account_auth_details_return_annotations_are_concrete[from_login_payload] PASSED
tests/test_auth_manager.py::test_account_auth_details_return_annotations_are_concrete[from_storage] PASSED

============================== 7 passed in 0.24s ===============================
